2024-07-03 17:01:01,816 [INFO] plugin_manager: Loading module: goodbye
2024-07-03 17:01:01,816 [INFO] plugin_manager: Plugin loaded: goodbye
2024-07-03 17:01:01,817 [INFO] plugin_manager: Loading module: menu
2024-07-03 17:01:01,817 [INFO] plugin_manager: Plugin loaded: menu
2024-07-03 17:01:01,817 [INFO] plugin_manager: Loading module: delete_history
2024-07-03 17:01:01,818 [INFO] plugin_manager: Plugin loaded: delete_history
2024-07-03 17:01:01,818 [INFO] plugin_manager: Loading module: greet
2024-07-03 17:01:01,819 [INFO] plugin_manager: Plugin loaded: greet
2024-07-03 17:01:01,819 [INFO] plugin_manager: Loading module: save_history
2024-07-03 17:01:01,819 [INFO] plugin_manager: Plugin loaded: save_history
2024-07-03 17:01:01,819 [INFO] plugin_manager: Loading module: view_history
2024-07-03 17:01:01,821 [INFO] plugin_manager: Plugin loaded: view_history
2024-07-03 17:01:01,821 [INFO] plugin_manager: Loading module: help
2024-07-03 17:01:01,822 [INFO] plugin_manager: Plugin loaded: help
2024-07-03 17:01:01,822 [INFO] plugin_manager: Loading module: exit
2024-07-03 17:01:01,823 [INFO] plugin_manager: Plugin loaded: exit
2024-07-03 17:01:01,823 [INFO] plugin_manager: Loading module: delete_history_entry
2024-07-03 17:01:01,824 [INFO] plugin_manager: Plugin loaded: delete_history_entry
2024-07-03 17:01:01,824 [INFO] plugin_manager: Loading module: load_history
2024-07-03 17:01:01,825 [INFO] plugin_manager: Plugin loaded: load_history
2024-07-03 17:01:01,825 [INFO] plugin_manager: Loading module: clear_history
2024-07-03 17:01:01,826 [INFO] plugin_manager: Plugin loaded: clear_history
2024-07-03 17:01:01,827 [INFO] plugin_manager: Loading module: plugin_interface
2024-07-03 17:01:01,827 [INFO] plugin_manager: Loading module: calculation
2024-07-03 17:01:01,827 [INFO] plugin_manager: Loading module: calculations
2024-07-03 17:01:01,827 [INFO] plugin_manager: Loading module: multiply
2024-07-03 17:01:01,828 [INFO] plugin_manager: Plugin loaded: multiply
2024-07-03 17:01:01,828 [INFO] plugin_manager: Loading module: add
2024-07-03 17:01:01,828 [INFO] plugin_manager: Plugin loaded: add
2024-07-03 17:01:01,829 [INFO] plugin_manager: Loading module: history
2024-07-03 17:01:01,829 [INFO] plugin_manager: Loading module: exponent
2024-07-03 17:01:01,829 [INFO] plugin_manager: Plugin loaded: exponent
2024-07-03 17:01:01,829 [INFO] plugin_manager: Loading module: divide
2024-07-03 17:01:01,830 [INFO] plugin_manager: Plugin loaded: divide
2024-07-03 17:01:01,830 [INFO] plugin_manager: Loading module: operations
2024-07-03 17:01:01,830 [INFO] plugin_manager: Loading module: subtract
2024-07-03 17:01:01,830 [INFO] plugin_manager: Plugin loaded: subtract
2024-07-03 17:01:01,830 [INFO] plugin_manager: Loading module: operation_functions
2024-07-03 17:01:01,830 [INFO] __main__: API Key Loaded
2024-07-03 17:01:01,831 [INFO] __main__: Starting the application
2024-07-03 17:01:01,831 [INFO] command_handler: Attempting to execute command: menu
2024-07-03 17:01:01,831 [INFO] command_handler: Executing command: menu
2024-07-03 17:01:22,060 [INFO] __main__: Exiting the application
